[0.084s] DEBUG:colcon:Command line arguments: ['/usr/bin/colcon', 'build']
[0.084s] DEBUG:colcon:Parsed command line arguments: Namespace(log_base=None, log_level=None, verb_name='build', build_base='build', install_base='install', merge_install=False, symlink_install=False, test_result_base=None, continue_on_error=False, executor='parallel', parallel_workers=12, event_handlers=None, ignore_user_meta=False, metas=['./colcon.meta'], base_paths=['.'], packages_ignore=None, packages_ignore_regex=None, paths=None, packages_up_to=None, packages_up_to_regex=None, packages_above=None, packages_above_and_dependencies=None, packages_above_depth=None, packages_select_by_dep=None, packages_skip_by_dep=None, packages_skip_up_to=None, packages_select_build_failed=False, packages_skip_build_finished=False, packages_select_test_failures=False, packages_skip_test_passed=False, packages_select=None, packages_skip=None, packages_select_regex=None, packages_skip_regex=None, packages_start=None, packages_end=None, allow_overriding=[], cmake_args=None, cmake_target=None, cmake_target_skip_unavailable=False, cmake_clean_cache=False, cmake_clean_first=False, cmake_force_configure=False, ament_cmake_args=None, catkin_cmake_args=None, catkin_skip_building_tests=False, verb_parser=<colcon_defaults.argument_parser.defaults.DefaultArgumentsDecorator object at 0x73f5e5421720>, verb_extension=<colcon_core.verb.build.BuildVerb object at 0x73f5e5421210>, main=<bound method BuildVerb.main of <colcon_core.verb.build.BuildVerb object at 0x73f5e5421210>>)
[3.004s] Level 1:colcon.colcon_core.package_discovery:discover_packages(colcon_meta) check parameters
[3.005s] Level 1:colcon.colcon_core.package_discovery:discover_packages(recursive) check parameters
[3.005s] Level 1:colcon.colcon_core.package_discovery:discover_packages(ignore) check parameters
[3.005s] Level 1:colcon.colcon_core.package_discovery:discover_packages(path) check parameters
[3.005s] Level 1:colcon.colcon_core.package_discovery:discover_packages(colcon_meta) discover
[3.005s] Level 1:colcon.colcon_core.package_discovery:discover_packages(recursive) discover
[3.005s] INFO:colcon.colcon_core.package_discovery:Crawling recursively for packages in '/home/jose/Documents/robotica'
[3.005s] Level 1:colcon.colcon_core.package_identification:_identify(.) by extensions ['ignore', 'ignore_ament_install']
[3.005s] Level 1:colcon.colcon_core.package_identification:_identify(.) by extension 'ignore'
[3.005s] Level 1:colcon.colcon_core.package_identification:_identify(.) by extension 'ignore_ament_install'
[3.005s] Level 1:colcon.colcon_core.package_identification:_identify(.) by extensions ['colcon_pkg']
[3.005s] Level 1:colcon.colcon_core.package_identification:_identify(.) by extension 'colcon_pkg'
[3.005s] Level 1:colcon.colcon_core.package_identification:_identify(.) by extensions ['colcon_meta']
[3.005s] Level 1:colcon.colcon_core.package_identification:_identify(.) by extension 'colcon_meta'
[3.005s] Level 1:colcon.colcon_core.package_identification:_identify(.) by extensions ['ros']
[3.005s] Level 1:colcon.colcon_core.package_identification:_identify(.) by extension 'ros'
[3.023s] Level 1:colcon.colcon_core.package_identification:_identify(.) by extensions ['cmake', 'python']
[3.023s] Level 1:colcon.colcon_core.package_identification:_identify(.) by extension 'cmake'
[3.023s] Level 1:colcon.colcon_core.package_identification:_identify(.) by extension 'python'
[3.023s] Level 1:colcon.colcon_core.package_identification:_identify(.) by extensions ['python_setup_py']
[3.023s] Level 1:colcon.colcon_core.package_identification:_identify(.) by extension 'python_setup_py'
[3.023s] Level 1:colcon.colcon_core.package_identification:_identify(build) by extensions ['ignore', 'ignore_ament_install']
[3.023s] Level 1:colcon.colcon_core.package_identification:_identify(build) by extension 'ignore'
[3.023s] Level 1:colcon.colcon_core.package_identification:_identify(build) ignored
[3.023s] Level 1:colcon.colcon_core.package_identification:_identify(install) by extensions ['ignore', 'ignore_ament_install']
[3.023s] Level 1:colcon.colcon_core.package_identification:_identify(install) by extension 'ignore'
[3.023s] Level 1:colcon.colcon_core.package_identification:_identify(install) ignored
[3.023s] Level 1:colcon.colcon_core.package_identification:_identify(log) by extensions ['ignore', 'ignore_ament_install']
[3.023s] Level 1:colcon.colcon_core.package_identification:_identify(log) by extension 'ignore'
[3.024s] Level 1:colcon.colcon_core.package_identification:_identify(log) ignored
[3.024s] Level 1:colcon.colcon_core.package_identification:_identify(src) by extensions ['ignore', 'ignore_ament_install']
[3.024s] Level 1:colcon.colcon_core.package_identification:_identify(src) by extension 'ignore'
[3.024s] Level 1:colcon.colcon_core.package_identification:_identify(src) by extension 'ignore_ament_install'
[3.024s] Level 1:colcon.colcon_core.package_identification:_identify(src) by extensions ['colcon_pkg']
[3.024s] Level 1:colcon.colcon_core.package_identification:_identify(src) by extension 'colcon_pkg'
[3.024s] Level 1:colcon.colcon_core.package_identification:_identify(src) by extensions ['colcon_meta']
[3.024s] Level 1:colcon.colcon_core.package_identification:_identify(src) by extension 'colcon_meta'
[3.024s] Level 1:colcon.colcon_core.package_identification:_identify(src) by extensions ['ros']
[3.024s] Level 1:colcon.colcon_core.package_identification:_identify(src) by extension 'ros'
[3.024s] Level 1:colcon.colcon_core.package_identification:_identify(src) by extensions ['cmake', 'python']
[3.024s] Level 1:colcon.colcon_core.package_identification:_identify(src) by extension 'cmake'
[3.024s] Level 1:colcon.colcon_core.package_identification:_identify(src) by extension 'python'
[3.024s] Level 1:colcon.colcon_core.package_identification:_identify(src) by extensions ['python_setup_py']
[3.024s] Level 1:colcon.colcon_core.package_identification:_identify(src) by extension 'python_setup_py'
[3.024s] Level 1:colcon.colcon_core.package_identification:_identify(src/robotics_class) by extensions ['ignore', 'ignore_ament_install']
[3.024s] Level 1:colcon.colcon_core.package_identification:_identify(src/robotics_class) by extension 'ignore'
[3.024s] Level 1:colcon.colcon_core.package_identification:_identify(src/robotics_class) by extension 'ignore_ament_install'
[3.024s] Level 1:colcon.colcon_core.package_identification:_identify(src/robotics_class) by extensions ['colcon_pkg']
[3.024s] Level 1:colcon.colcon_core.package_identification:_identify(src/robotics_class) by extension 'colcon_pkg'
[3.024s] Level 1:colcon.colcon_core.package_identification:_identify(src/robotics_class) by extensions ['colcon_meta']
[3.024s] Level 1:colcon.colcon_core.package_identification:_identify(src/robotics_class) by extension 'colcon_meta'
[3.024s] Level 1:colcon.colcon_core.package_identification:_identify(src/robotics_class) by extensions ['ros']
[3.024s] Level 1:colcon.colcon_core.package_identification:_identify(src/robotics_class) by extension 'ros'
[3.027s] DEBUG:colcon.colcon_core.package_identification:Package 'src/robotics_class' with type 'ros.ament_cmake' and name 'robotics_class'
[3.027s] Level 1:colcon.colcon_core.package_discovery:discover_packages(recursive) using defaults
[3.027s] Level 1:colcon.colcon_core.package_discovery:discover_packages(ignore) discover
[3.027s] Level 1:colcon.colcon_core.package_discovery:discover_packages(ignore) using defaults
[3.027s] Level 1:colcon.colcon_core.package_discovery:discover_packages(path) discover
[3.027s] Level 1:colcon.colcon_core.package_discovery:discover_packages(path) using defaults
[3.165s] Level 1:colcon.colcon_core.package_discovery:discover_packages(prefix_path) check parameters
[3.165s] Level 1:colcon.colcon_core.package_discovery:discover_packages(prefix_path) discover
[3.167s] DEBUG:colcon.colcon_installed_package_information.package_discovery:Found 1 installed packages in /home/jose/Documents/robotica/install
[3.169s] DEBUG:colcon.colcon_installed_package_information.package_discovery:Found 441 installed packages in /opt/ros/humble
[3.170s] Level 1:colcon.colcon_core.package_discovery:discover_packages(prefix_path) using defaults
[3.214s] Level 5:colcon.colcon_core.verb:set package 'robotics_class' build argument 'cmake_args' from command line to 'None'
[3.214s] Level 5:colcon.colcon_core.verb:set package 'robotics_class' build argument 'cmake_target' from command line to 'None'
[3.214s] Level 5:colcon.colcon_core.verb:set package 'robotics_class' build argument 'cmake_target_skip_unavailable' from command line to 'False'
[3.214s] Level 5:colcon.colcon_core.verb:set package 'robotics_class' build argument 'cmake_clean_cache' from command line to 'False'
[3.214s] Level 5:colcon.colcon_core.verb:set package 'robotics_class' build argument 'cmake_clean_first' from command line to 'False'
[3.214s] Level 5:colcon.colcon_core.verb:set package 'robotics_class' build argument 'cmake_force_configure' from command line to 'False'
[3.214s] Level 5:colcon.colcon_core.verb:set package 'robotics_class' build argument 'ament_cmake_args' from command line to 'None'
[3.214s] Level 5:colcon.colcon_core.verb:set package 'robotics_class' build argument 'catkin_cmake_args' from command line to 'None'
[3.214s] Level 5:colcon.colcon_core.verb:set package 'robotics_class' build argument 'catkin_skip_building_tests' from command line to 'False'
[3.214s] DEBUG:colcon.colcon_core.verb:Building package 'robotics_class' with the following arguments: {'ament_cmake_args': None, 'build_base': '/home/jose/Documents/robotica/build/robotics_class', 'catkin_cmake_args': None, 'catkin_skip_building_tests': False, 'cmake_args': None, 'cmake_clean_cache': False, 'cmake_clean_first': False, 'cmake_force_configure': False, 'cmake_target': None, 'cmake_target_skip_unavailable': False, 'install_base': '/home/jose/Documents/robotica/install/robotics_class', 'merge_install': False, 'path': '/home/jose/Documents/robotica/src/robotics_class', 'symlink_install': False, 'test_result_base': None}
[3.214s] INFO:colcon.colcon_core.executor:Executing jobs using 'parallel' executor
[3.215s] DEBUG:colcon.colcon_parallel_executor.executor.parallel:run_until_complete
[3.215s] INFO:colcon.colcon_ros.task.ament_cmake.build:Building ROS package in '/home/jose/Documents/robotica/src/robotics_class' with build type 'ament_cmake'
[3.215s] INFO:colcon.colcon_cmake.task.cmake.build:Building CMake package in '/home/jose/Documents/robotica/src/robotics_class'
[3.217s] INFO:colcon.colcon_core.plugin_system:Skipping extension 'colcon_core.shell.bat': Not used on non-Windows systems
[3.217s] INFO:colcon.colcon_core.shell:Skip shell extension 'powershell' for command environment: Not usable outside of PowerShell
[3.217s] DEBUG:colcon.colcon_core.shell:Skip shell extension 'dsv' for command environment
[3.307s] DEBUG:colcon.colcon_core.event_handler.log_command:Invoking command in '/home/jose/Documents/robotica/build/robotics_class': CMAKE_PREFIX_PATH=${CMAKE_PREFIX_PATH}:/opt/ros/humble /usr/bin/cmake --build /home/jose/Documents/robotica/build/robotics_class -- -j12 -l12
[3.669s] DEBUG:colcon.colcon_core.event_handler.log_command:Invoked command in '/home/jose/Documents/robotica/build/robotics_class' returned '0': CMAKE_PREFIX_PATH=${CMAKE_PREFIX_PATH}:/opt/ros/humble /usr/bin/cmake --build /home/jose/Documents/robotica/build/robotics_class -- -j12 -l12
[3.707s] DEBUG:colcon.colcon_core.event_handler.log_command:Invoking command in '/home/jose/Documents/robotica/build/robotics_class': CMAKE_PREFIX_PATH=${CMAKE_PREFIX_PATH}:/opt/ros/humble /usr/bin/cmake --install /home/jose/Documents/robotica/build/robotics_class
[3.838s] Level 1:colcon.colcon_core.environment:create_environment_scripts_only(robotics_class)
[3.839s] DEBUG:colcon.colcon_core.event_handler.log_command:Invoked command in '/home/jose/Documents/robotica/build/robotics_class' returned '0': CMAKE_PREFIX_PATH=${CMAKE_PREFIX_PATH}:/opt/ros/humble /usr/bin/cmake --install /home/jose/Documents/robotica/build/robotics_class
[3.981s] Level 1:colcon.colcon_core.environment:checking '/home/jose/Documents/robotica/install/robotics_class' for CMake module files
[3.982s] Level 1:colcon.colcon_core.environment:checking '/home/jose/Documents/robotica/install/robotics_class' for CMake config files
[3.983s] Level 1:colcon.colcon_core.shell:create_environment_hook('robotics_class', 'cmake_prefix_path')
[3.984s] INFO:colcon.colcon_core.shell:Creating environment hook '/home/jose/Documents/robotica/install/robotics_class/share/robotics_class/hook/cmake_prefix_path.ps1'
[4.007s] INFO:colcon.colcon_core.shell:Creating environment descriptor '/home/jose/Documents/robotica/install/robotics_class/share/robotics_class/hook/cmake_prefix_path.dsv'
[4.008s] INFO:colcon.colcon_core.shell:Creating environment hook '/home/jose/Documents/robotica/install/robotics_class/share/robotics_class/hook/cmake_prefix_path.sh'
[4.009s] Level 1:colcon.colcon_core.environment:checking '/home/jose/Documents/robotica/install/robotics_class/bin'
[4.009s] Level 1:colcon.colcon_core.environment:checking '/home/jose/Documents/robotica/install/robotics_class/lib/pkgconfig/robotics_class.pc'
[4.009s] Level 1:colcon.colcon_core.environment:checking '/home/jose/Documents/robotica/install/robotics_class/lib/python3.10/site-packages'
[4.010s] Level 1:colcon.colcon_core.environment:checking '/home/jose/Documents/robotica/install/robotics_class/bin'
[4.010s] INFO:colcon.colcon_core.shell:Creating package script '/home/jose/Documents/robotica/install/robotics_class/share/robotics_class/package.ps1'
[4.010s] INFO:colcon.colcon_core.shell:Creating package descriptor '/home/jose/Documents/robotica/install/robotics_class/share/robotics_class/package.dsv'
[4.011s] INFO:colcon.colcon_core.shell:Creating package script '/home/jose/Documents/robotica/install/robotics_class/share/robotics_class/package.sh'
[4.012s] INFO:colcon.colcon_core.shell:Creating package script '/home/jose/Documents/robotica/install/robotics_class/share/robotics_class/package.bash'
[4.012s] INFO:colcon.colcon_core.shell:Creating package script '/home/jose/Documents/robotica/install/robotics_class/share/robotics_class/package.zsh'
[4.013s] Level 1:colcon.colcon_core.environment:create_file_with_runtime_dependencies(/home/jose/Documents/robotica/install/robotics_class/share/colcon-core/packages/robotics_class)
[4.014s] Level 1:colcon.colcon_core.environment:create_environment_scripts_only(robotics_class)
[4.014s] Level 1:colcon.colcon_core.environment:checking '/home/jose/Documents/robotica/install/robotics_class' for CMake module files
[4.014s] Level 1:colcon.colcon_core.environment:checking '/home/jose/Documents/robotica/install/robotics_class' for CMake config files
[4.016s] Level 1:colcon.colcon_core.shell:create_environment_hook('robotics_class', 'cmake_prefix_path')
[4.016s] INFO:colcon.colcon_core.shell:Creating environment hook '/home/jose/Documents/robotica/install/robotics_class/share/robotics_class/hook/cmake_prefix_path.ps1'
[4.017s] INFO:colcon.colcon_core.shell:Creating environment descriptor '/home/jose/Documents/robotica/install/robotics_class/share/robotics_class/hook/cmake_prefix_path.dsv'
[4.017s] INFO:colcon.colcon_core.shell:Creating environment hook '/home/jose/Documents/robotica/install/robotics_class/share/robotics_class/hook/cmake_prefix_path.sh'
[4.018s] Level 1:colcon.colcon_core.environment:checking '/home/jose/Documents/robotica/install/robotics_class/bin'
[4.018s] Level 1:colcon.colcon_core.environment:checking '/home/jose/Documents/robotica/install/robotics_class/lib/pkgconfig/robotics_class.pc'
[4.018s] Level 1:colcon.colcon_core.environment:checking '/home/jose/Documents/robotica/install/robotics_class/lib/python3.10/site-packages'
[4.018s] Level 1:colcon.colcon_core.environment:checking '/home/jose/Documents/robotica/install/robotics_class/bin'
[4.019s] INFO:colcon.colcon_core.shell:Creating package script '/home/jose/Documents/robotica/install/robotics_class/share/robotics_class/package.ps1'
[4.019s] INFO:colcon.colcon_core.shell:Creating package descriptor '/home/jose/Documents/robotica/install/robotics_class/share/robotics_class/package.dsv'
[4.019s] INFO:colcon.colcon_core.shell:Creating package script '/home/jose/Documents/robotica/install/robotics_class/share/robotics_class/package.sh'
[4.020s] INFO:colcon.colcon_core.shell:Creating package script '/home/jose/Documents/robotica/install/robotics_class/share/robotics_class/package.bash'
[4.020s] INFO:colcon.colcon_core.shell:Creating package script '/home/jose/Documents/robotica/install/robotics_class/share/robotics_class/package.zsh'
[4.021s] Level 1:colcon.colcon_core.environment:create_file_with_runtime_dependencies(/home/jose/Documents/robotica/install/robotics_class/share/colcon-core/packages/robotics_class)
[4.021s] DEBUG:colcon.colcon_parallel_executor.executor.parallel:closing loop
[4.021s] DEBUG:colcon.colcon_parallel_executor.executor.parallel:loop closed
[4.021s] DEBUG:colcon.colcon_parallel_executor.executor.parallel:run_until_complete finished with '0'
[4.021s] DEBUG:colcon.colcon_core.event_reactor:joining thread
[4.027s] INFO:colcon.colcon_core.plugin_system:Skipping extension 'colcon_notification.desktop_notification.terminal_notifier': Not used on non-Darwin systems
[4.027s] INFO:colcon.colcon_core.plugin_system:Skipping extension 'colcon_notification.desktop_notification.win32': Not used on non-Windows systems
[4.027s] INFO:colcon.colcon_notification.desktop_notification:Sending desktop notification using 'notify2'
[4.039s] DEBUG:colcon.colcon_core.event_reactor:joined thread
[4.039s] INFO:colcon.colcon_core.shell:Creating prefix script '/home/jose/Documents/robotica/install/local_setup.ps1'
[4.051s] INFO:colcon.colcon_core.shell:Creating prefix util module '/home/jose/Documents/robotica/install/_local_setup_util_ps1.py'
[4.058s] INFO:colcon.colcon_core.shell:Creating prefix chain script '/home/jose/Documents/robotica/install/setup.ps1'
[4.059s] INFO:colcon.colcon_core.shell:Creating prefix script '/home/jose/Documents/robotica/install/local_setup.sh'
[4.060s] INFO:colcon.colcon_core.shell:Creating prefix util module '/home/jose/Documents/robotica/install/_local_setup_util_sh.py'
[4.061s] INFO:colcon.colcon_core.shell:Creating prefix chain script '/home/jose/Documents/robotica/install/setup.sh'
[4.061s] INFO:colcon.colcon_core.shell:Creating prefix script '/home/jose/Documents/robotica/install/local_setup.bash'
[4.062s] INFO:colcon.colcon_core.shell:Creating prefix chain script '/home/jose/Documents/robotica/install/setup.bash'
[4.063s] INFO:colcon.colcon_core.shell:Creating prefix script '/home/jose/Documents/robotica/install/local_setup.zsh'
[4.064s] INFO:colcon.colcon_core.shell:Creating prefix chain script '/home/jose/Documents/robotica/install/setup.zsh'
