[0.008s] Invoking command in '/home/jose/Documents/robotica/build/robotics_class': CMAKE_PREFIX_PATH=${CMAKE_PREFIX_PATH}:/opt/ros/humble /usr/bin/cmake --build /home/jose/Documents/robotica/build/robotics_class -- -j12 -l12
[0.026s] -- Found ament_cmake: 1.3.12 (/opt/ros/humble/share/ament_cmake/cmake)
[0.113s] -- Found ament_lint_auto: 0.12.14 (/opt/ros/humble/share/ament_lint_auto/cmake)
[0.178s] -- Added test 'flake8' to check Python code syntax and style conventions
[0.182s] -- Added test 'lint_cmake' to check CMake code style
[0.184s] -- Added test 'pep257' to check Python code against some of the docstring style conventions in PEP 257
[0.201s] -- Added test 'xmllint' to check XML markup files
[0.202s] -- Configuring done
[0.206s] -- Generating done
[0.208s] -- Build files have been written to: /home/jose/Documents/robotica/build/robotics_class
[0.228s] Invoked command in '/home/jose/Documents/robotica/build/robotics_class' returned '0': CMAKE_PREFIX_PATH=${CMAKE_PREFIX_PATH}:/opt/ros/humble /usr/bin/cmake --build /home/jose/Documents/robotica/build/robotics_class -- -j12 -l12
[0.238s] Invoking command in '/home/jose/Documents/robotica/build/robotics_class': CMAKE_PREFIX_PATH=${CMAKE_PREFIX_PATH}:/opt/ros/humble /usr/bin/cmake --install /home/jose/Documents/robotica/build/robotics_class
[0.244s] -- Install configuration: ""
[0.244s] -- Up-to-date: /home/jose/Documents/robotica/install/robotics_class/share/robotics_class/launch
[0.244s] -- Up-to-date: /home/jose/Documents/robotica/install/robotics_class/share/robotics_class/launch/robot_description.launch.py
[0.244s] -- Up-to-date: /home/jose/Documents/robotica/install/robotics_class/share/robotics_class/launch/ekf.launch.py
[0.244s] -- Up-to-date: /home/jose/Documents/robotica/install/robotics_class/share/robotics_class/launch/rviz.launch.py
[0.244s] -- Installing: /home/jose/Documents/robotica/install/robotics_class/share/robotics_class/launch/slam.launch.py
[0.245s] -- Up-to-date: /home/jose/Documents/robotica/install/robotics_class/share/robotics_class/launch/simulation_world.launch.py
[0.245s] -- Up-to-date: /home/jose/Documents/robotica/install/robotics_class/share/robotics_class/urdf
[0.245s] -- Up-to-date: /home/jose/Documents/robotica/install/robotics_class/share/robotics_class/urdf/p3d_plugin.gazebo.xacro
[0.245s] -- Up-to-date: /home/jose/Documents/robotica/install/robotics_class/share/robotics_class/urdf/jetauto.xacro
[0.245s] -- Up-to-date: /home/jose/Documents/robotica/install/robotics_class/share/robotics_class/urdf/lidar.urdf.xacro
[0.245s] -- Up-to-date: /home/jose/Documents/robotica/install/robotics_class/share/robotics_class/urdf/materials.xacro
[0.245s] -- Up-to-date: /home/jose/Documents/robotica/install/robotics_class/share/robotics_class/urdf/imu.urdf.xacro
[0.245s] -- Up-to-date: /home/jose/Documents/robotica/install/robotics_class/share/robotics_class/urdf/jetauto_car.urdf.xacro
[0.245s] -- Up-to-date: /home/jose/Documents/robotica/install/robotics_class/share/robotics_class/urdf/inertial_matrix.xacro
[0.245s] -- Up-to-date: /home/jose/Documents/robotica/install/robotics_class/share/robotics_class/urdf/depth_camera.urdf.xacro
[0.245s] -- Up-to-date: /home/jose/Documents/robotica/install/robotics_class/share/robotics_class/models
[0.245s] -- Up-to-date: /home/jose/Documents/robotica/install/robotics_class/share/robotics_class/models/table
[0.245s] -- Up-to-date: /home/jose/Documents/robotica/install/robotics_class/share/robotics_class/models/table/model.sdf
[0.245s] -- Up-to-date: /home/jose/Documents/robotica/install/robotics_class/share/robotics_class/models/table/model.config
[0.245s] -- Up-to-date: /home/jose/Documents/robotica/install/robotics_class/share/robotics_class/models/bed
[0.245s] -- Up-to-date: /home/jose/Documents/robotica/install/robotics_class/share/robotics_class/models/bed/model.sdf
[0.245s] -- Up-to-date: /home/jose/Documents/robotica/install/robotics_class/share/robotics_class/models/bed/model.config
[0.246s] -- Up-to-date: /home/jose/Documents/robotica/install/robotics_class/share/robotics_class/models/bed/bed_model.stl
[0.246s] -- Up-to-date: /home/jose/Documents/robotica/install/robotics_class/share/robotics_class/models/base_arena
[0.246s] -- Up-to-date: /home/jose/Documents/robotica/install/robotics_class/share/robotics_class/models/base_arena/model.sdf
[0.246s] -- Up-to-date: /home/jose/Documents/robotica/install/robotics_class/share/robotics_class/models/base_arena/model.config
[0.246s] -- Up-to-date: /home/jose/Documents/robotica/install/robotics_class/share/robotics_class/models/vase_small
[0.246s] -- Up-to-date: /home/jose/Documents/robotica/install/robotics_class/share/robotics_class/models/vase_small/model.sdf
[0.246s] -- Up-to-date: /home/jose/Documents/robotica/install/robotics_class/share/robotics_class/models/vase_small/meshes
[0.246s] -- Up-to-date: /home/jose/Documents/robotica/install/robotics_class/share/robotics_class/models/vase_small/meshes/vase2.dae
[0.246s] -- Up-to-date: /home/jose/Documents/robotica/install/robotics_class/share/robotics_class/models/vase_small/model.config
[0.246s] -- Up-to-date: /home/jose/Documents/robotica/install/robotics_class/share/robotics_class/models/vase_small/materials
[0.246s] -- Up-to-date: /home/jose/Documents/robotica/install/robotics_class/share/robotics_class/models/vase_small/materials/textures
[0.247s] -- Up-to-date: /home/jose/Documents/robotica/install/robotics_class/share/robotics_class/models/vase_small/materials/textures/bronze.jpg
[0.247s] -- Up-to-date: /home/jose/Documents/robotica/install/robotics_class/share/robotics_class/models/vase_small/materials/scripts
[0.247s] -- Up-to-date: /home/jose/Documents/robotica/install/robotics_class/share/robotics_class/models/vase_small/materials/scripts/vase_pattern1.material
[0.247s] -- Up-to-date: /home/jose/Documents/robotica/install/robotics_class/share/robotics_class/models/stove
[0.247s] -- Up-to-date: /home/jose/Documents/robotica/install/robotics_class/share/robotics_class/models/stove/model.sdf
[0.247s] -- Up-to-date: /home/jose/Documents/robotica/install/robotics_class/share/robotics_class/models/stove/stove.stl
[0.247s] -- Up-to-date: /home/jose/Documents/robotica/install/robotics_class/share/robotics_class/models/stove/model.config
[0.247s] -- Up-to-date: /home/jose/Documents/robotica/install/robotics_class/share/robotics_class/models/tv
[0.247s] -- Up-to-date: /home/jose/Documents/robotica/install/robotics_class/share/robotics_class/models/tv/model.sdf
[0.247s] -- Up-to-date: /home/jose/Documents/robotica/install/robotics_class/share/robotics_class/models/tv/tv.dae
[0.247s] -- Up-to-date: /home/jose/Documents/robotica/install/robotics_class/share/robotics_class/models/tv/model.config
[0.247s] -- Up-to-date: /home/jose/Documents/robotica/install/robotics_class/share/robotics_class/models/chair_1
[0.247s] -- Up-to-date: /home/jose/Documents/robotica/install/robotics_class/share/robotics_class/models/chair_1/model.sdf
[0.247s] -- Up-to-date: /home/jose/Documents/robotica/install/robotics_class/share/robotics_class/models/chair_1/meshes
[0.247s] -- Up-to-date: /home/jose/Documents/robotica/install/robotics_class/share/robotics_class/models/chair_1/meshes/model.dae
[0.248s] -- Up-to-date: /home/jose/Documents/robotica/install/robotics_class/share/robotics_class/models/chair_1/meshes/frame.dae
[0.248s] -- Up-to-date: /home/jose/Documents/robotica/install/robotics_class/share/robotics_class/models/chair_1/meshes/cushions.dae
[0.248s] -- Up-to-date: /home/jose/Documents/robotica/install/robotics_class/share/robotics_class/models/chair_1/model.config
[0.248s] -- Up-to-date: /home/jose/Documents/robotica/install/robotics_class/share/robotics_class/models/chair_1/materials
[0.248s] -- Up-to-date: /home/jose/Documents/robotica/install/robotics_class/share/robotics_class/models/chair_1/materials/textures
[0.248s] -- Up-to-date: /home/jose/Documents/robotica/install/robotics_class/share/robotics_class/models/chair_1/materials/textures/fabric_1.jpg
[0.248s] -- Up-to-date: /home/jose/Documents/robotica/install/robotics_class/share/robotics_class/models/chair_1/materials/textures/wood_black_1.jpg
[0.248s] -- Up-to-date: /home/jose/Documents/robotica/install/robotics_class/share/robotics_class/models/chair_1/materials/textures/wood_black_3.png
[0.248s] -- Up-to-date: /home/jose/Documents/robotica/install/robotics_class/share/robotics_class/models/chair_1/materials/textures/wood_black.jpg
[0.248s] -- Up-to-date: /home/jose/Documents/robotica/install/robotics_class/share/robotics_class/models/chair_1/materials/scripts
[0.248s] -- Up-to-date: /home/jose/Documents/robotica/install/robotics_class/share/robotics_class/models/chair_1/materials/scripts/chair_1_frame.material
[0.249s] -- Up-to-date: /home/jose/Documents/robotica/install/robotics_class/share/robotics_class/models/chair_1/materials/scripts/chair_1_cushion.material
[0.249s] -- Up-to-date: /home/jose/Documents/robotica/install/robotics_class/share/robotics_class/models/table_dining
[0.249s] -- Up-to-date: /home/jose/Documents/robotica/install/robotics_class/share/robotics_class/models/table_dining/model.sdf
[0.249s] -- Up-to-date: /home/jose/Documents/robotica/install/robotics_class/share/robotics_class/models/table_dining/meshes
[0.249s] -- Up-to-date: /home/jose/Documents/robotica/install/robotics_class/share/robotics_class/models/table_dining/meshes/table2.dae
[0.249s] -- Up-to-date: /home/jose/Documents/robotica/install/robotics_class/share/robotics_class/models/table_dining/model.config
[0.249s] -- Up-to-date: /home/jose/Documents/robotica/install/robotics_class/share/robotics_class/models/table_dining/materials
[0.249s] -- Up-to-date: /home/jose/Documents/robotica/install/robotics_class/share/robotics_class/models/table_dining/materials/textures
[0.249s] -- Up-to-date: /home/jose/Documents/robotica/install/robotics_class/share/robotics_class/models/table_dining/materials/textures/wood_black_1.jpg
[0.249s] -- Up-to-date: /home/jose/Documents/robotica/install/robotics_class/share/robotics_class/models/table_dining/materials/textures/wood_black_3.png
[0.249s] -- Up-to-date: /home/jose/Documents/robotica/install/robotics_class/share/robotics_class/models/table_dining/materials/textures/wood_black.jpg
[0.249s] -- Up-to-date: /home/jose/Documents/robotica/install/robotics_class/share/robotics_class/models/table_dining/materials/scripts
[0.250s] -- Up-to-date: /home/jose/Documents/robotica/install/robotics_class/share/robotics_class/models/table_dining/materials/scripts/dining_table.material
[0.250s] -- Up-to-date: /home/jose/Documents/robotica/install/robotics_class/share/robotics_class/models/sofa_set_1
[0.250s] -- Up-to-date: /home/jose/Documents/robotica/install/robotics_class/share/robotics_class/models/sofa_set_1/model.sdf
[0.250s] -- Up-to-date: /home/jose/Documents/robotica/install/robotics_class/share/robotics_class/models/sofa_set_1/meshes
[0.250s] -- Up-to-date: /home/jose/Documents/robotica/install/robotics_class/share/robotics_class/models/sofa_set_1/meshes/sofa_cushions_bot.dae
[0.250s] -- Up-to-date: /home/jose/Documents/robotica/install/robotics_class/share/robotics_class/models/sofa_set_1/meshes/model.dae
[0.250s] -- Up-to-date: /home/jose/Documents/robotica/install/robotics_class/share/robotics_class/models/sofa_set_1/meshes/sofa_cushions.dae
[0.250s] -- Up-to-date: /home/jose/Documents/robotica/install/robotics_class/share/robotics_class/models/sofa_set_1/meshes/sofa_full.dae
[0.250s] -- Up-to-date: /home/jose/Documents/robotica/install/robotics_class/share/robotics_class/models/sofa_set_1/meshes/sofa_frame.dae
[0.250s] -- Up-to-date: /home/jose/Documents/robotica/install/robotics_class/share/robotics_class/models/sofa_set_1/meshes/sofa_cushions_back.dae
[0.250s] -- Up-to-date: /home/jose/Documents/robotica/install/robotics_class/share/robotics_class/models/sofa_set_1/meshes/sofa_cushions_sides.dae
[0.250s] -- Up-to-date: /home/jose/Documents/robotica/install/robotics_class/share/robotics_class/models/sofa_set_1/model.config
[0.251s] -- Up-to-date: /home/jose/Documents/robotica/install/robotics_class/share/robotics_class/models/sofa_set_1/materials
[0.251s] -- Up-to-date: /home/jose/Documents/robotica/install/robotics_class/share/robotics_class/models/sofa_set_1/materials/textures
[0.251s] -- Up-to-date: /home/jose/Documents/robotica/install/robotics_class/share/robotics_class/models/sofa_set_1/materials/textures/fabric_black.jpg
[0.251s] -- Up-to-date: /home/jose/Documents/robotica/install/robotics_class/share/robotics_class/models/sofa_set_1/materials/scripts
[0.251s] -- Up-to-date: /home/jose/Documents/robotica/install/robotics_class/share/robotics_class/models/sofa_set_1/materials/scripts/sofa_set_1.material
[0.251s] -- Up-to-date: /home/jose/Documents/robotica/install/robotics_class/share/robotics_class/models/table_breakfast
[0.251s] -- Up-to-date: /home/jose/Documents/robotica/install/robotics_class/share/robotics_class/models/table_breakfast/model.sdf
[0.251s] -- Up-to-date: /home/jose/Documents/robotica/install/robotics_class/share/robotics_class/models/table_breakfast/meshes
[0.251s] -- Up-to-date: /home/jose/Documents/robotica/install/robotics_class/share/robotics_class/models/table_breakfast/meshes/table3.dae
[0.251s] -- Up-to-date: /home/jose/Documents/robotica/install/robotics_class/share/robotics_class/models/table_breakfast/model.config
[0.251s] -- Up-to-date: /home/jose/Documents/robotica/install/robotics_class/share/robotics_class/models/jetauto
[0.251s] -- Up-to-date: /home/jose/Documents/robotica/install/robotics_class/share/robotics_class/models/jetauto/screen_link_collision.stl
[0.251s] -- Up-to-date: /home/jose/Documents/robotica/install/robotics_class/share/robotics_class/models/jetauto/wheel_left_back_link.stl
[0.251s] -- Up-to-date: /home/jose/Documents/robotica/install/robotics_class/share/robotics_class/models/jetauto/base_link.stl
[0.252s] -- Up-to-date: /home/jose/Documents/robotica/install/robotics_class/share/robotics_class/models/jetauto/back_shell_link.stl
[0.252s] -- Up-to-date: /home/jose/Documents/robotica/install/robotics_class/share/robotics_class/models/jetauto/base_link_collision.stl
[0.252s] -- Up-to-date: /home/jose/Documents/robotica/install/robotics_class/share/robotics_class/models/jetauto/wheel_left_front_link.stl
[0.252s] -- Up-to-date: /home/jose/Documents/robotica/install/robotics_class/share/robotics_class/models/jetauto/depth_camera_link.stl
[0.252s] -- Up-to-date: /home/jose/Documents/robotica/install/robotics_class/share/robotics_class/models/jetauto/wheel_right_front_link.stl
[0.252s] -- Up-to-date: /home/jose/Documents/robotica/install/robotics_class/share/robotics_class/models/jetauto/wheel_right_back_link.stl
[0.252s] -- Up-to-date: /home/jose/Documents/robotica/install/robotics_class/share/robotics_class/models/jetauto/mic_link.stl
[0.252s] -- Up-to-date: /home/jose/Documents/robotica/install/robotics_class/share/robotics_class/models/jetauto/depth_camera_link_collision.stl
[0.252s] -- Up-to-date: /home/jose/Documents/robotica/install/robotics_class/share/robotics_class/models/jetauto/lidar_link.stl
[0.252s] -- Up-to-date: /home/jose/Documents/robotica/install/robotics_class/share/robotics_class/models/jetauto/screen_link.stl
[0.252s] -- Up-to-date: /home/jose/Documents/robotica/install/robotics_class/share/robotics_class/models/jetauto/speaker_link.stl
[0.252s] -- Up-to-date: /home/jose/Documents/robotica/install/robotics_class/share/robotics_class/models/person
[0.252s] -- Up-to-date: /home/jose/Documents/robotica/install/robotics_class/share/robotics_class/models/person/model.sdf
[0.252s] -- Up-to-date: /home/jose/Documents/robotica/install/robotics_class/share/robotics_class/models/person/walk.dae
[0.252s] -- Up-to-date: /home/jose/Documents/robotica/install/robotics_class/share/robotics_class/models/person/model.config
[0.252s] -- Up-to-date: /home/jose/Documents/robotica/install/robotics_class/share/robotics_class/models/kitchen_chair
[0.252s] -- Up-to-date: /home/jose/Documents/robotica/install/robotics_class/share/robotics_class/models/kitchen_chair/model.sdf
[0.252s] -- Up-to-date: /home/jose/Documents/robotica/install/robotics_class/share/robotics_class/models/kitchen_chair/meshes
[0.252s] -- Up-to-date: /home/jose/Documents/robotica/install/robotics_class/share/robotics_class/models/kitchen_chair/meshes/base.dae
[0.253s] -- Up-to-date: /home/jose/Documents/robotica/install/robotics_class/share/robotics_class/models/kitchen_chair/meshes/seat.dae
[0.253s] -- Up-to-date: /home/jose/Documents/robotica/install/robotics_class/share/robotics_class/models/kitchen_chair/model.config
[0.253s] -- Up-to-date: /home/jose/Documents/robotica/install/robotics_class/share/robotics_class/models/file_cabinet_small
[0.253s] -- Up-to-date: /home/jose/Documents/robotica/install/robotics_class/share/robotics_class/models/file_cabinet_small/model.sdf
[0.253s] -- Up-to-date: /home/jose/Documents/robotica/install/robotics_class/share/robotics_class/models/file_cabinet_small/meshes
[0.253s] -- Up-to-date: /home/jose/Documents/robotica/install/robotics_class/share/robotics_class/models/file_cabinet_small/meshes/model.dae
[0.253s] -- Up-to-date: /home/jose/Documents/robotica/install/robotics_class/share/robotics_class/models/file_cabinet_small/model.config
[0.253s] -- Up-to-date: /home/jose/Documents/robotica/install/robotics_class/share/robotics_class/models/file_cabinet_small/materials
[0.254s] -- Up-to-date: /home/jose/Documents/robotica/install/robotics_class/share/robotics_class/models/file_cabinet_small/materials/textures
[0.254s] -- Up-to-date: /home/jose/Documents/robotica/install/robotics_class/share/robotics_class/models/file_cabinet_small/materials/textures/metal_black_2.jpg
[0.254s] -- Up-to-date: /home/jose/Documents/robotica/install/robotics_class/share/robotics_class/models/file_cabinet_small/materials/scripts
[0.254s] -- Up-to-date: /home/jose/Documents/robotica/install/robotics_class/share/robotics_class/models/file_cabinet_small/materials/scripts/file_black.material
[0.254s] -- Up-to-date: /home/jose/Documents/robotica/install/robotics_class/share/robotics_class/models/sink
[0.254s] -- Up-to-date: /home/jose/Documents/robotica/install/robotics_class/share/robotics_class/models/sink/model.sdf
[0.254s] -- Up-to-date: /home/jose/Documents/robotica/install/robotics_class/share/robotics_class/models/sink/model.config
[0.254s] -- Up-to-date: /home/jose/Documents/robotica/install/robotics_class/share/robotics_class/models/sink/sink.stl
[0.254s] -- Up-to-date: /home/jose/Documents/robotica/install/robotics_class/share/robotics_class/models/plant_1_single
[0.254s] -- Up-to-date: /home/jose/Documents/robotica/install/robotics_class/share/robotics_class/models/plant_1_single/model.sdf
[0.255s] -- Up-to-date: /home/jose/Documents/robotica/install/robotics_class/share/robotics_class/models/plant_1_single/meshes
[0.255s] -- Up-to-date: /home/jose/Documents/robotica/install/robotics_class/share/robotics_class/models/plant_1_single/meshes/leaf.dae
[0.255s] -- Up-to-date: /home/jose/Documents/robotica/install/robotics_class/share/robotics_class/models/plant_1_single/model.config
[0.255s] -- Up-to-date: /home/jose/Documents/robotica/install/robotics_class/share/robotics_class/models/refrigerator
[0.255s] -- Up-to-date: /home/jose/Documents/robotica/install/robotics_class/share/robotics_class/models/refrigerator/model.sdf
[0.255s] -- Up-to-date: /home/jose/Documents/robotica/install/robotics_class/share/robotics_class/models/refrigerator/refrigerator.stl
[0.255s] -- Up-to-date: /home/jose/Documents/robotica/install/robotics_class/share/robotics_class/models/refrigerator/model.config
[0.255s] -- Up-to-date: /home/jose/Documents/robotica/install/robotics_class/share/robotics_class/models/coffee_table_set_1
[0.255s] -- Up-to-date: /home/jose/Documents/robotica/install/robotics_class/share/robotics_class/models/coffee_table_set_1/model.sdf
[0.255s] -- Up-to-date: /home/jose/Documents/robotica/install/robotics_class/share/robotics_class/models/coffee_table_set_1/meshes
[0.255s] -- Up-to-date: /home/jose/Documents/robotica/install/robotics_class/share/robotics_class/models/coffee_table_set_1/meshes/table_large_mid.dae
[0.255s] -- Up-to-date: /home/jose/Documents/robotica/install/robotics_class/share/robotics_class/models/coffee_table_set_1/meshes/model.dae
[0.255s] -- Up-to-date: /home/jose/Documents/robotica/install/robotics_class/share/robotics_class/models/coffee_table_set_1/meshes/tables.dae
[0.255s] -- Up-to-date: /home/jose/Documents/robotica/install/robotics_class/share/robotics_class/models/coffee_table_set_1/meshes/table_large_full.dae
[0.255s] -- Up-to-date: /home/jose/Documents/robotica/install/robotics_class/share/robotics_class/models/coffee_table_set_1/meshes/table_large_frame.dae
[0.255s] -- Up-to-date: /home/jose/Documents/robotica/install/robotics_class/share/robotics_class/models/coffee_table_set_1/meshes/table_large_top.dae
[0.255s] -- Up-to-date: /home/jose/Documents/robotica/install/robotics_class/share/robotics_class/models/coffee_table_set_1/model.config
[0.256s] -- Up-to-date: /home/jose/Documents/robotica/install/robotics_class/share/robotics_class/models/coffee_table_set_1/materials
[0.256s] -- Up-to-date: /home/jose/Documents/robotica/install/robotics_class/share/robotics_class/models/coffee_table_set_1/materials/textures
[0.256s] -- Up-to-date: /home/jose/Documents/robotica/install/robotics_class/share/robotics_class/models/coffee_table_set_1/materials/textures/wood_dark_1.jpg
[0.256s] -- Up-to-date: /home/jose/Documents/robotica/install/robotics_class/share/robotics_class/models/coffee_table_set_1/materials/textures/leather.jpg
[0.256s] -- Up-to-date: /home/jose/Documents/robotica/install/robotics_class/share/robotics_class/models/coffee_table_set_1/materials/scripts
[0.256s] -- Up-to-date: /home/jose/Documents/robotica/install/robotics_class/share/robotics_class/models/coffee_table_set_1/materials/scripts/coffee_table_set_1_surf.material
[0.256s] -- Up-to-date: /home/jose/Documents/robotica/install/robotics_class/share/robotics_class/models/coffee_table_set_1/materials/scripts/coffee_table_set_1_frame.material
[0.256s] -- Up-to-date: /home/jose/Documents/robotica/install/robotics_class/share/robotics_class/rviz
[0.256s] -- Up-to-date: /home/jose/Documents/robotica/install/robotics_class/share/robotics_class/rviz/view.rviz
[0.256s] -- Up-to-date: /home/jose/Documents/robotica/install/robotics_class/share/robotics_class/worlds
[0.256s] -- Up-to-date: /home/jose/Documents/robotica/install/robotics_class/share/robotics_class/worlds/arena_1.world
[0.256s] -- Up-to-date: /home/jose/Documents/robotica/install/robotics_class/share/robotics_class/params
[0.256s] -- Installing: /home/jose/Documents/robotica/install/robotics_class/share/robotics_class/params/default.yaml
[0.256s] -- Up-to-date: /home/jose/Documents/robotica/install/robotics_class/share/robotics_class/params/ekf.yaml
[0.256s] -- Installing: /home/jose/Documents/robotica/install/robotics_class/share/robotics_class/maps
[0.256s] -- Installing: /home/jose/Documents/robotica/install/robotics_class/share/robotics_class/maps/details.txt
[0.257s] -- Installing: /home/jose/Documents/robotica/install/robotics_class/share/robotics_class/maps/class_map.yaml
[0.257s] -- Installing: /home/jose/Documents/robotica/install/robotics_class/share/robotics_class/maps/class_map.pgm
[0.257s] -- Up-to-date: /home/jose/Documents/robotica/install/robotics_class/share/ament_index/resource_index/package_run_dependencies/robotics_class
[0.257s] -- Up-to-date: /home/jose/Documents/robotica/install/robotics_class/share/ament_index/resource_index/parent_prefix_path/robotics_class
[0.257s] -- Up-to-date: /home/jose/Documents/robotica/install/robotics_class/share/robotics_class/environment/ament_prefix_path.sh
[0.257s] -- Installing: /home/jose/Documents/robotica/install/robotics_class/share/robotics_class/environment/ament_prefix_path.dsv
[0.257s] -- Up-to-date: /home/jose/Documents/robotica/install/robotics_class/share/robotics_class/environment/path.sh
[0.257s] -- Installing: /home/jose/Documents/robotica/install/robotics_class/share/robotics_class/environment/path.dsv
[0.257s] -- Up-to-date: /home/jose/Documents/robotica/install/robotics_class/share/robotics_class/local_setup.bash
[0.257s] -- Up-to-date: /home/jose/Documents/robotica/install/robotics_class/share/robotics_class/local_setup.sh
[0.257s] -- Up-to-date: /home/jose/Documents/robotica/install/robotics_class/share/robotics_class/local_setup.zsh
[0.257s] -- Installing: /home/jose/Documents/robotica/install/robotics_class/share/robotics_class/local_setup.dsv
[0.257s] -- Installing: /home/jose/Documents/robotica/install/robotics_class/share/robotics_class/package.dsv
[0.257s] -- Up-to-date: /home/jose/Documents/robotica/install/robotics_class/share/ament_index/resource_index/packages/robotics_class
[0.257s] -- Up-to-date: /home/jose/Documents/robotica/install/robotics_class/share/robotics_class/cmake/robotics_classConfig.cmake
[0.257s] -- Up-to-date: /home/jose/Documents/robotica/install/robotics_class/share/robotics_class/cmake/robotics_classConfig-version.cmake
[0.257s] -- Up-to-date: /home/jose/Documents/robotica/install/robotics_class/share/robotics_class/package.xml
[0.258s] Invoked command in '/home/jose/Documents/robotica/build/robotics_class' returned '0': CMAKE_PREFIX_PATH=${CMAKE_PREFIX_PATH}:/opt/ros/humble /usr/bin/cmake --install /home/jose/Documents/robotica/build/robotics_class
