[2.185s] DEBUG:colcon:Command line arguments: ['/usr/bin/colcon', 'build']
[2.185s] DEBUG:colcon:Parsed command line arguments: Namespace(log_base=None, log_level=None, verb_name='build', build_base='build', install_base='install', merge_install=False, symlink_install=False, test_result_base=None, continue_on_error=False, executor='parallel', parallel_workers=12, event_handlers=None, ignore_user_meta=False, metas=['./colcon.meta'], base_paths=['.'], packages_ignore=None, packages_ignore_regex=None, paths=None, packages_up_to=None, packages_up_to_regex=None, packages_above=None, packages_above_and_dependencies=None, packages_above_depth=None, packages_select_by_dep=None, packages_skip_by_dep=None, packages_skip_up_to=None, packages_select_build_failed=False, packages_skip_build_finished=False, packages_select_test_failures=False, packages_skip_test_passed=False, packages_select=None, packages_skip=None, packages_select_regex=None, packages_skip_regex=None, packages_start=None, packages_end=None, allow_overriding=[], cmake_args=None, cmake_target=None, cmake_target_skip_unavailable=False, cmake_clean_cache=False, cmake_clean_first=False, cmake_force_configure=False, ament_cmake_args=None, catkin_cmake_args=None, catkin_skip_building_tests=False, verb_parser=<colcon_defaults.argument_parser.defaults.DefaultArgumentsDecorator object at 0x76e8df925720>, verb_extension=<colcon_core.verb.build.BuildVerb object at 0x76e8df925210>, main=<bound method BuildVerb.main of <colcon_core.verb.build.BuildVerb object at 0x76e8df925210>>)
[5.303s] Level 1:colcon.colcon_core.package_discovery:discover_packages(colcon_meta) check parameters
[5.303s] Level 1:colcon.colcon_core.package_discovery:discover_packages(recursive) check parameters
[5.303s] Level 1:colcon.colcon_core.package_discovery:discover_packages(ignore) check parameters
[5.303s] Level 1:colcon.colcon_core.package_discovery:discover_packages(path) check parameters
[5.303s] Level 1:colcon.colcon_core.package_discovery:discover_packages(colcon_meta) discover
[5.303s] Level 1:colcon.colcon_core.package_discovery:discover_packages(recursive) discover
[5.303s] INFO:colcon.colcon_core.package_discovery:Crawling recursively for packages in '/home/jose/Documents/robotica'
[5.303s] Level 1:colcon.colcon_core.package_identification:_identify(.) by extensions ['ignore', 'ignore_ament_install']
[5.303s] Level 1:colcon.colcon_core.package_identification:_identify(.) by extension 'ignore'
[5.303s] Level 1:colcon.colcon_core.package_identification:_identify(.) by extension 'ignore_ament_install'
[5.304s] Level 1:colcon.colcon_core.package_identification:_identify(.) by extensions ['colcon_pkg']
[5.304s] Level 1:colcon.colcon_core.package_identification:_identify(.) by extension 'colcon_pkg'
[5.304s] Level 1:colcon.colcon_core.package_identification:_identify(.) by extensions ['colcon_meta']
[5.304s] Level 1:colcon.colcon_core.package_identification:_identify(.) by extension 'colcon_meta'
[5.304s] Level 1:colcon.colcon_core.package_identification:_identify(.) by extensions ['ros']
[5.304s] Level 1:colcon.colcon_core.package_identification:_identify(.) by extension 'ros'
[5.321s] Level 1:colcon.colcon_core.package_identification:_identify(.) by extensions ['cmake', 'python']
[5.321s] Level 1:colcon.colcon_core.package_identification:_identify(.) by extension 'cmake'
[5.321s] Level 1:colcon.colcon_core.package_identification:_identify(.) by extension 'python'
[5.322s] Level 1:colcon.colcon_core.package_identification:_identify(.) by extensions ['python_setup_py']
[5.322s] Level 1:colcon.colcon_core.package_identification:_identify(.) by extension 'python_setup_py'
[5.322s] Level 1:colcon.colcon_core.package_identification:_identify(build) by extensions ['ignore', 'ignore_ament_install']
[5.322s] Level 1:colcon.colcon_core.package_identification:_identify(build) by extension 'ignore'
[5.322s] Level 1:colcon.colcon_core.package_identification:_identify(build) ignored
[5.322s] Level 1:colcon.colcon_core.package_identification:_identify(install) by extensions ['ignore', 'ignore_ament_install']
[5.322s] Level 1:colcon.colcon_core.package_identification:_identify(install) by extension 'ignore'
[5.322s] Level 1:colcon.colcon_core.package_identification:_identify(install) ignored
[5.322s] Level 1:colcon.colcon_core.package_identification:_identify(log) by extensions ['ignore', 'ignore_ament_install']
[5.322s] Level 1:colcon.colcon_core.package_identification:_identify(log) by extension 'ignore'
[5.322s] Level 1:colcon.colcon_core.package_identification:_identify(log) ignored
[5.322s] Level 1:colcon.colcon_core.package_identification:_identify(src) by extensions ['ignore', 'ignore_ament_install']
[5.322s] Level 1:colcon.colcon_core.package_identification:_identify(src) by extension 'ignore'
[5.322s] Level 1:colcon.colcon_core.package_identification:_identify(src) by extension 'ignore_ament_install'
[5.322s] Level 1:colcon.colcon_core.package_identification:_identify(src) by extensions ['colcon_pkg']
[5.322s] Level 1:colcon.colcon_core.package_identification:_identify(src) by extension 'colcon_pkg'
[5.322s] Level 1:colcon.colcon_core.package_identification:_identify(src) by extensions ['colcon_meta']
[5.322s] Level 1:colcon.colcon_core.package_identification:_identify(src) by extension 'colcon_meta'
[5.322s] Level 1:colcon.colcon_core.package_identification:_identify(src) by extensions ['ros']
[5.322s] Level 1:colcon.colcon_core.package_identification:_identify(src) by extension 'ros'
[5.323s] Level 1:colcon.colcon_core.package_identification:_identify(src) by extensions ['cmake', 'python']
[5.323s] Level 1:colcon.colcon_core.package_identification:_identify(src) by extension 'cmake'
[5.323s] Level 1:colcon.colcon_core.package_identification:_identify(src) by extension 'python'
[5.323s] Level 1:colcon.colcon_core.package_identification:_identify(src) by extensions ['python_setup_py']
[5.323s] Level 1:colcon.colcon_core.package_identification:_identify(src) by extension 'python_setup_py'
[5.323s] Level 1:colcon.colcon_core.package_identification:_identify(src/robotics_class) by extensions ['ignore', 'ignore_ament_install']
[5.323s] Level 1:colcon.colcon_core.package_identification:_identify(src/robotics_class) by extension 'ignore'
[5.323s] Level 1:colcon.colcon_core.package_identification:_identify(src/robotics_class) by extension 'ignore_ament_install'
[5.323s] Level 1:colcon.colcon_core.package_identification:_identify(src/robotics_class) by extensions ['colcon_pkg']
[5.323s] Level 1:colcon.colcon_core.package_identification:_identify(src/robotics_class) by extension 'colcon_pkg'
[5.323s] Level 1:colcon.colcon_core.package_identification:_identify(src/robotics_class) by extensions ['colcon_meta']
[5.323s] Level 1:colcon.colcon_core.package_identification:_identify(src/robotics_class) by extension 'colcon_meta'
[5.323s] Level 1:colcon.colcon_core.package_identification:_identify(src/robotics_class) by extensions ['ros']
[5.323s] Level 1:colcon.colcon_core.package_identification:_identify(src/robotics_class) by extension 'ros'
[5.348s] DEBUG:colcon.colcon_core.package_identification:Package 'src/robotics_class' with type 'ros.ament_cmake' and name 'robotics_class'
[5.349s] Level 1:colcon.colcon_core.package_discovery:discover_packages(recursive) using defaults
[5.349s] Level 1:colcon.colcon_core.package_discovery:discover_packages(ignore) discover
[5.349s] Level 1:colcon.colcon_core.package_discovery:discover_packages(ignore) using defaults
[5.349s] Level 1:colcon.colcon_core.package_discovery:discover_packages(path) discover
[5.349s] Level 1:colcon.colcon_core.package_discovery:discover_packages(path) using defaults
[5.485s] Level 1:colcon.colcon_core.package_discovery:discover_packages(prefix_path) check parameters
[5.485s] Level 1:colcon.colcon_core.package_discovery:discover_packages(prefix_path) discover
[5.487s] DEBUG:colcon.colcon_installed_package_information.package_discovery:Found 1 installed packages in /home/jose/Documents/robotica/install
[5.488s] DEBUG:colcon.colcon_installed_package_information.package_discovery:Found 441 installed packages in /opt/ros/humble
[5.490s] Level 1:colcon.colcon_core.package_discovery:discover_packages(prefix_path) using defaults
[5.548s] Level 5:colcon.colcon_core.verb:set package 'robotics_class' build argument 'cmake_args' from command line to 'None'
[5.548s] Level 5:colcon.colcon_core.verb:set package 'robotics_class' build argument 'cmake_target' from command line to 'None'
[5.548s] Level 5:colcon.colcon_core.verb:set package 'robotics_class' build argument 'cmake_target_skip_unavailable' from command line to 'False'
[5.548s] Level 5:colcon.colcon_core.verb:set package 'robotics_class' build argument 'cmake_clean_cache' from command line to 'False'
[5.548s] Level 5:colcon.colcon_core.verb:set package 'robotics_class' build argument 'cmake_clean_first' from command line to 'False'
[5.548s] Level 5:colcon.colcon_core.verb:set package 'robotics_class' build argument 'cmake_force_configure' from command line to 'False'
[5.548s] Level 5:colcon.colcon_core.verb:set package 'robotics_class' build argument 'ament_cmake_args' from command line to 'None'
[5.548s] Level 5:colcon.colcon_core.verb:set package 'robotics_class' build argument 'catkin_cmake_args' from command line to 'None'
[5.548s] Level 5:colcon.colcon_core.verb:set package 'robotics_class' build argument 'catkin_skip_building_tests' from command line to 'False'
[5.548s] DEBUG:colcon.colcon_core.verb:Building package 'robotics_class' with the following arguments: {'ament_cmake_args': None, 'build_base': '/home/jose/Documents/robotica/build/robotics_class', 'catkin_cmake_args': None, 'catkin_skip_building_tests': False, 'cmake_args': None, 'cmake_clean_cache': False, 'cmake_clean_first': False, 'cmake_force_configure': False, 'cmake_target': None, 'cmake_target_skip_unavailable': False, 'install_base': '/home/jose/Documents/robotica/install/robotics_class', 'merge_install': False, 'path': '/home/jose/Documents/robotica/src/robotics_class', 'symlink_install': False, 'test_result_base': None}
[5.548s] INFO:colcon.colcon_core.executor:Executing jobs using 'parallel' executor
[5.549s] DEBUG:colcon.colcon_parallel_executor.executor.parallel:run_until_complete
[5.549s] INFO:colcon.colcon_ros.task.ament_cmake.build:Building ROS package in '/home/jose/Documents/robotica/src/robotics_class' with build type 'ament_cmake'
[5.549s] INFO:colcon.colcon_cmake.task.cmake.build:Building CMake package in '/home/jose/Documents/robotica/src/robotics_class'
[5.552s] INFO:colcon.colcon_core.plugin_system:Skipping extension 'colcon_core.shell.bat': Not used on non-Windows systems
[5.552s] INFO:colcon.colcon_core.shell:Skip shell extension 'powershell' for command environment: Not usable outside of PowerShell
[5.552s] DEBUG:colcon.colcon_core.shell:Skip shell extension 'dsv' for command environment
[5.628s] DEBUG:colcon.colcon_core.event_handler.log_command:Invoking command in '/home/jose/Documents/robotica/build/robotics_class': CMAKE_PREFIX_PATH=${CMAKE_PREFIX_PATH}:/opt/ros/humble /usr/bin/cmake --build /home/jose/Documents/robotica/build/robotics_class -- -j12 -l12
[6.292s] DEBUG:colcon.colcon_core.event_handler.log_command:Invoked command in '/home/jose/Documents/robotica/build/robotics_class' returned '0': CMAKE_PREFIX_PATH=${CMAKE_PREFIX_PATH}:/opt/ros/humble /usr/bin/cmake --build /home/jose/Documents/robotica/build/robotics_class -- -j12 -l12
[6.332s] DEBUG:colcon.colcon_core.event_handler.log_command:Invoking command in '/home/jose/Documents/robotica/build/robotics_class': CMAKE_PREFIX_PATH=${CMAKE_PREFIX_PATH}:/opt/ros/humble /usr/bin/cmake --install /home/jose/Documents/robotica/build/robotics_class
[6.365s] Level 1:colcon.colcon_core.environment:create_environment_scripts_only(robotics_class)
[6.366s] DEBUG:colcon.colcon_core.event_handler.log_command:Invoked command in '/home/jose/Documents/robotica/build/robotics_class' returned '0': CMAKE_PREFIX_PATH=${CMAKE_PREFIX_PATH}:/opt/ros/humble /usr/bin/cmake --install /home/jose/Documents/robotica/build/robotics_class
[6.412s] Level 1:colcon.colcon_core.environment:checking '/home/jose/Documents/robotica/install/robotics_class' for CMake module files
[6.413s] Level 1:colcon.colcon_core.environment:checking '/home/jose/Documents/robotica/install/robotics_class' for CMake config files
[6.414s] Level 1:colcon.colcon_core.shell:create_environment_hook('robotics_class', 'cmake_prefix_path')
[6.415s] INFO:colcon.colcon_core.shell:Creating environment hook '/home/jose/Documents/robotica/install/robotics_class/share/robotics_class/hook/cmake_prefix_path.ps1'
[6.430s] INFO:colcon.colcon_core.shell:Creating environment descriptor '/home/jose/Documents/robotica/install/robotics_class/share/robotics_class/hook/cmake_prefix_path.dsv'
[6.445s] INFO:colcon.colcon_core.shell:Creating environment hook '/home/jose/Documents/robotica/install/robotics_class/share/robotics_class/hook/cmake_prefix_path.sh'
[6.446s] Level 1:colcon.colcon_core.environment:checking '/home/jose/Documents/robotica/install/robotics_class/bin'
[6.446s] Level 1:colcon.colcon_core.environment:checking '/home/jose/Documents/robotica/install/robotics_class/lib/pkgconfig/robotics_class.pc'
[6.446s] Level 1:colcon.colcon_core.environment:checking '/home/jose/Documents/robotica/install/robotics_class/lib/python3.10/site-packages'
[6.446s] Level 1:colcon.colcon_core.environment:checking '/home/jose/Documents/robotica/install/robotics_class/bin'
[6.447s] INFO:colcon.colcon_core.shell:Creating package script '/home/jose/Documents/robotica/install/robotics_class/share/robotics_class/package.ps1'
[6.448s] INFO:colcon.colcon_core.shell:Creating package descriptor '/home/jose/Documents/robotica/install/robotics_class/share/robotics_class/package.dsv'
[6.448s] INFO:colcon.colcon_core.shell:Creating package script '/home/jose/Documents/robotica/install/robotics_class/share/robotics_class/package.sh'
[6.449s] INFO:colcon.colcon_core.shell:Creating package script '/home/jose/Documents/robotica/install/robotics_class/share/robotics_class/package.bash'
[6.450s] INFO:colcon.colcon_core.shell:Creating package script '/home/jose/Documents/robotica/install/robotics_class/share/robotics_class/package.zsh'
[6.467s] Level 1:colcon.colcon_core.environment:create_file_with_runtime_dependencies(/home/jose/Documents/robotica/install/robotics_class/share/colcon-core/packages/robotics_class)
[6.468s] Level 1:colcon.colcon_core.environment:create_environment_scripts_only(robotics_class)
[6.468s] Level 1:colcon.colcon_core.environment:checking '/home/jose/Documents/robotica/install/robotics_class' for CMake module files
[6.468s] Level 1:colcon.colcon_core.environment:checking '/home/jose/Documents/robotica/install/robotics_class' for CMake config files
[6.470s] Level 1:colcon.colcon_core.shell:create_environment_hook('robotics_class', 'cmake_prefix_path')
[6.470s] INFO:colcon.colcon_core.shell:Creating environment hook '/home/jose/Documents/robotica/install/robotics_class/share/robotics_class/hook/cmake_prefix_path.ps1'
[6.470s] INFO:colcon.colcon_core.shell:Creating environment descriptor '/home/jose/Documents/robotica/install/robotics_class/share/robotics_class/hook/cmake_prefix_path.dsv'
[6.471s] INFO:colcon.colcon_core.shell:Creating environment hook '/home/jose/Documents/robotica/install/robotics_class/share/robotics_class/hook/cmake_prefix_path.sh'
[6.472s] Level 1:colcon.colcon_core.environment:checking '/home/jose/Documents/robotica/install/robotics_class/bin'
[6.472s] Level 1:colcon.colcon_core.environment:checking '/home/jose/Documents/robotica/install/robotics_class/lib/pkgconfig/robotics_class.pc'
[6.472s] Level 1:colcon.colcon_core.environment:checking '/home/jose/Documents/robotica/install/robotics_class/lib/python3.10/site-packages'
[6.472s] Level 1:colcon.colcon_core.environment:checking '/home/jose/Documents/robotica/install/robotics_class/bin'
[6.473s] INFO:colcon.colcon_core.shell:Creating package script '/home/jose/Documents/robotica/install/robotics_class/share/robotics_class/package.ps1'
[6.473s] INFO:colcon.colcon_core.shell:Creating package descriptor '/home/jose/Documents/robotica/install/robotics_class/share/robotics_class/package.dsv'
[6.474s] INFO:colcon.colcon_core.shell:Creating package script '/home/jose/Documents/robotica/install/robotics_class/share/robotics_class/package.sh'
[6.474s] INFO:colcon.colcon_core.shell:Creating package script '/home/jose/Documents/robotica/install/robotics_class/share/robotics_class/package.bash'
[6.475s] INFO:colcon.colcon_core.shell:Creating package script '/home/jose/Documents/robotica/install/robotics_class/share/robotics_class/package.zsh'
[6.475s] Level 1:colcon.colcon_core.environment:create_file_with_runtime_dependencies(/home/jose/Documents/robotica/install/robotics_class/share/colcon-core/packages/robotics_class)
[6.476s] DEBUG:colcon.colcon_parallel_executor.executor.parallel:closing loop
[6.476s] DEBUG:colcon.colcon_parallel_executor.executor.parallel:loop closed
[6.476s] DEBUG:colcon.colcon_parallel_executor.executor.parallel:run_until_complete finished with '0'
[6.476s] DEBUG:colcon.colcon_core.event_reactor:joining thread
[6.488s] INFO:colcon.colcon_core.plugin_system:Skipping extension 'colcon_notification.desktop_notification.terminal_notifier': Not used on non-Darwin systems
[6.488s] INFO:colcon.colcon_core.plugin_system:Skipping extension 'colcon_notification.desktop_notification.win32': Not used on non-Windows systems
[6.488s] INFO:colcon.colcon_notification.desktop_notification:Sending desktop notification using 'notify2'
[6.498s] DEBUG:colcon.colcon_core.event_reactor:joined thread
[6.498s] INFO:colcon.colcon_core.shell:Creating prefix script '/home/jose/Documents/robotica/install/local_setup.ps1'
[6.500s] INFO:colcon.colcon_core.shell:Creating prefix util module '/home/jose/Documents/robotica/install/_local_setup_util_ps1.py'
[6.505s] INFO:colcon.colcon_core.shell:Creating prefix chain script '/home/jose/Documents/robotica/install/setup.ps1'
[6.509s] INFO:colcon.colcon_core.shell:Creating prefix script '/home/jose/Documents/robotica/install/local_setup.sh'
[6.510s] INFO:colcon.colcon_core.shell:Creating prefix util module '/home/jose/Documents/robotica/install/_local_setup_util_sh.py'
[6.511s] INFO:colcon.colcon_core.shell:Creating prefix chain script '/home/jose/Documents/robotica/install/setup.sh'
[6.524s] INFO:colcon.colcon_core.shell:Creating prefix script '/home/jose/Documents/robotica/install/local_setup.bash'
[6.525s] INFO:colcon.colcon_core.shell:Creating prefix chain script '/home/jose/Documents/robotica/install/setup.bash'
[6.531s] INFO:colcon.colcon_core.shell:Creating prefix script '/home/jose/Documents/robotica/install/local_setup.zsh'
[6.532s] INFO:colcon.colcon_core.shell:Creating prefix chain script '/home/jose/Documents/robotica/install/setup.zsh'
