[0.086s] Invoking command in '/home/jose/Documents/robotica/build/robotics_class': CMAKE_PREFIX_PATH=${CMAKE_PREFIX_PATH}:/opt/ros/humble /usr/bin/cmake --build /home/jose/Documents/robotica/build/robotics_class -- -j12 -l12
[0.821s] Invoked command in '/home/jose/Documents/robotica/build/robotics_class' returned '0': CMAKE_PREFIX_PATH=${CMAKE_PREFIX_PATH}:/opt/ros/humble /usr/bin/cmake --build /home/jose/Documents/robotica/build/robotics_class -- -j12 -l12
[0.866s] Invoking command in '/home/jose/Documents/robotica/build/robotics_class': CMAKE_PREFIX_PATH=${CMAKE_PREFIX_PATH}:/opt/ros/humble /usr/bin/cmake --install /home/jose/Documents/robotica/build/robotics_class
[0.930s] -- Install configuration: ""
[0.939s] -- Up-to-date: /home/jose/Documents/robotica/install/robotics_class/share/robotics_class/launch
[0.959s] -- Up-to-date: /home/jose/Documents/robotica/install/robotics_class/share/robotics_class/launch/robot_description.launch.py
[0.960s] -- Up-to-date: /home/jose/Documents/robotica/install/robotics_class/share/robotics_class/launch/ekf.launch.py
[0.960s] -- Up-to-date: /home/jose/Documents/robotica/install/robotics_class/share/robotics_class/launch/rviz.launch.py
[0.960s] -- Up-to-date: /home/jose/Documents/robotica/install/robotics_class/share/robotics_class/launch/localization.launch.py
[0.960s] -- Up-to-date: /home/jose/Documents/robotica/install/robotics_class/share/robotics_class/launch/slam.launch.py
[0.960s] -- Up-to-date: /home/jose/Documents/robotica/install/robotics_class/share/robotics_class/launch/simulation_world.launch.py
[0.960s] -- Up-to-date: /home/jose/Documents/robotica/install/robotics_class/share/robotics_class/urdf
[0.986s] -- Up-to-date: /home/jose/Documents/robotica/install/robotics_class/share/robotics_class/urdf/p3d_plugin.gazebo.xacro
[0.986s] -- Up-to-date: /home/jose/Documents/robotica/install/robotics_class/share/robotics_class/urdf/jetauto.xacro
[0.986s] -- Up-to-date: /home/jose/Documents/robotica/install/robotics_class/share/robotics_class/urdf/lidar.urdf.xacro
[0.986s] -- Up-to-date: /home/jose/Documents/robotica/install/robotics_class/share/robotics_class/urdf/materials.xacro
[0.986s] -- Up-to-date: /home/jose/Documents/robotica/install/robotics_class/share/robotics_class/urdf/imu.urdf.xacro
[0.986s] -- Up-to-date: /home/jose/Documents/robotica/install/robotics_class/share/robotics_class/urdf/jetauto_car.urdf.xacro
[0.987s] -- Up-to-date: /home/jose/Documents/robotica/install/robotics_class/share/robotics_class/urdf/inertial_matrix.xacro
[0.987s] -- Up-to-date: /home/jose/Documents/robotica/install/robotics_class/share/robotics_class/urdf/depth_camera.urdf.xacro
[0.987s] -- Up-to-date: /home/jose/Documents/robotica/install/robotics_class/share/robotics_class/models
[0.987s] -- Up-to-date: /home/jose/Documents/robotica/install/robotics_class/share/robotics_class/models/table
[0.993s] -- Up-to-date: /home/jose/Documents/robotica/install/robotics_class/share/robotics_class/models/table/model.sdf
[0.993s] -- Up-to-date: /home/jose/Documents/robotica/install/robotics_class/share/robotics_class/models/table/model.config
[0.993s] -- Up-to-date: /home/jose/Documents/robotica/install/robotics_class/share/robotics_class/models/bed
[0.993s] -- Up-to-date: /home/jose/Documents/robotica/install/robotics_class/share/robotics_class/models/bed/model.sdf
[0.993s] -- Up-to-date: /home/jose/Documents/robotica/install/robotics_class/share/robotics_class/models/bed/model.config
[0.993s] -- Up-to-date: /home/jose/Documents/robotica/install/robotics_class/share/robotics_class/models/bed/bed_model.stl
[0.993s] -- Up-to-date: /home/jose/Documents/robotica/install/robotics_class/share/robotics_class/models/base_arena
[0.995s] -- Up-to-date: /home/jose/Documents/robotica/install/robotics_class/share/robotics_class/models/base_arena/model.sdf
[0.995s] -- Up-to-date: /home/jose/Documents/robotica/install/robotics_class/share/robotics_class/models/base_arena/model.config
[0.995s] -- Up-to-date: /home/jose/Documents/robotica/install/robotics_class/share/robotics_class/models/vase_small
[1.007s] -- Up-to-date: /home/jose/Documents/robotica/install/robotics_class/share/robotics_class/models/vase_small/model.sdf
[1.007s] -- Up-to-date: /home/jose/Documents/robotica/install/robotics_class/share/robotics_class/models/vase_small/meshes
[1.008s] -- Up-to-date: /home/jose/Documents/robotica/install/robotics_class/share/robotics_class/models/vase_small/meshes/vase2.dae
[1.008s] -- Up-to-date: /home/jose/Documents/robotica/install/robotics_class/share/robotics_class/models/vase_small/model.config
[1.008s] -- Up-to-date: /home/jose/Documents/robotica/install/robotics_class/share/robotics_class/models/vase_small/materials
[1.008s] -- Up-to-date: /home/jose/Documents/robotica/install/robotics_class/share/robotics_class/models/vase_small/materials/textures
[1.008s] -- Up-to-date: /home/jose/Documents/robotica/install/robotics_class/share/robotics_class/models/vase_small/materials/textures/bronze.jpg
[1.008s] -- Up-to-date: /home/jose/Documents/robotica/install/robotics_class/share/robotics_class/models/vase_small/materials/scripts
[1.008s] -- Up-to-date: /home/jose/Documents/robotica/install/robotics_class/share/robotics_class/models/vase_small/materials/scripts/vase_pattern1.material
[1.008s] -- Up-to-date: /home/jose/Documents/robotica/install/robotics_class/share/robotics_class/models/stove
[1.008s] -- Up-to-date: /home/jose/Documents/robotica/install/robotics_class/share/robotics_class/models/stove/model.sdf
[1.008s] -- Up-to-date: /home/jose/Documents/robotica/install/robotics_class/share/robotics_class/models/stove/stove.stl
[1.008s] -- Up-to-date: /home/jose/Documents/robotica/install/robotics_class/share/robotics_class/models/stove/model.config
[1.008s] -- Up-to-date: /home/jose/Documents/robotica/install/robotics_class/share/robotics_class/models/tv
[1.009s] -- Up-to-date: /home/jose/Documents/robotica/install/robotics_class/share/robotics_class/models/tv/model.sdf
[1.009s] -- Up-to-date: /home/jose/Documents/robotica/install/robotics_class/share/robotics_class/models/tv/tv.dae
[1.009s] -- Up-to-date: /home/jose/Documents/robotica/install/robotics_class/share/robotics_class/models/tv/model.config
[1.009s] -- Up-to-date: /home/jose/Documents/robotica/install/robotics_class/share/robotics_class/models/chair_1
[1.009s] -- Up-to-date: /home/jose/Documents/robotica/install/robotics_class/share/robotics_class/models/chair_1/model.sdf
[1.009s] -- Up-to-date: /home/jose/Documents/robotica/install/robotics_class/share/robotics_class/models/chair_1/meshes
[1.009s] -- Up-to-date: /home/jose/Documents/robotica/install/robotics_class/share/robotics_class/models/chair_1/meshes/model.dae
[1.009s] -- Up-to-date: /home/jose/Documents/robotica/install/robotics_class/share/robotics_class/models/chair_1/meshes/frame.dae
[1.009s] -- Up-to-date: /home/jose/Documents/robotica/install/robotics_class/share/robotics_class/models/chair_1/meshes/cushions.dae
[1.009s] -- Up-to-date: /home/jose/Documents/robotica/install/robotics_class/share/robotics_class/models/chair_1/model.config
[1.010s] -- Up-to-date: /home/jose/Documents/robotica/install/robotics_class/share/robotics_class/models/chair_1/materials
[1.010s] -- Up-to-date: /home/jose/Documents/robotica/install/robotics_class/share/robotics_class/models/chair_1/materials/textures
[1.010s] -- Up-to-date: /home/jose/Documents/robotica/install/robotics_class/share/robotics_class/models/chair_1/materials/textures/fabric_1.jpg
[1.010s] -- Up-to-date: /home/jose/Documents/robotica/install/robotics_class/share/robotics_class/models/chair_1/materials/textures/wood_black_1.jpg
[1.010s] -- Up-to-date: /home/jose/Documents/robotica/install/robotics_class/share/robotics_class/models/chair_1/materials/textures/wood_black_3.png
[1.010s] -- Up-to-date: /home/jose/Documents/robotica/install/robotics_class/share/robotics_class/models/chair_1/materials/textures/wood_black.jpg
[1.010s] -- Up-to-date: /home/jose/Documents/robotica/install/robotics_class/share/robotics_class/models/chair_1/materials/scripts
[1.010s] -- Up-to-date: /home/jose/Documents/robotica/install/robotics_class/share/robotics_class/models/chair_1/materials/scripts/chair_1_frame.material
[1.010s] -- Up-to-date: /home/jose/Documents/robotica/install/robotics_class/share/robotics_class/models/chair_1/materials/scripts/chair_1_cushion.material
[1.010s] -- Up-to-date: /home/jose/Documents/robotica/install/robotics_class/share/robotics_class/models/table_dining
[1.010s] -- Up-to-date: /home/jose/Documents/robotica/install/robotics_class/share/robotics_class/models/table_dining/model.sdf
[1.010s] -- Up-to-date: /home/jose/Documents/robotica/install/robotics_class/share/robotics_class/models/table_dining/meshes
[1.011s] -- Up-to-date: /home/jose/Documents/robotica/install/robotics_class/share/robotics_class/models/table_dining/meshes/table2.dae
[1.011s] -- Up-to-date: /home/jose/Documents/robotica/install/robotics_class/share/robotics_class/models/table_dining/model.config
[1.011s] -- Up-to-date: /home/jose/Documents/robotica/install/robotics_class/share/robotics_class/models/table_dining/materials
[1.011s] -- Up-to-date: /home/jose/Documents/robotica/install/robotics_class/share/robotics_class/models/table_dining/materials/textures
[1.011s] -- Up-to-date: /home/jose/Documents/robotica/install/robotics_class/share/robotics_class/models/table_dining/materials/textures/wood_black_1.jpg
[1.011s] -- Up-to-date: /home/jose/Documents/robotica/install/robotics_class/share/robotics_class/models/table_dining/materials/textures/wood_black_3.png
[1.011s] -- Up-to-date: /home/jose/Documents/robotica/install/robotics_class/share/robotics_class/models/table_dining/materials/textures/wood_black.jpg
[1.011s] -- Up-to-date: /home/jose/Documents/robotica/install/robotics_class/share/robotics_class/models/table_dining/materials/scripts
[1.011s] -- Up-to-date: /home/jose/Documents/robotica/install/robotics_class/share/robotics_class/models/table_dining/materials/scripts/dining_table.material
[1.011s] -- Up-to-date: /home/jose/Documents/robotica/install/robotics_class/share/robotics_class/models/sofa_set_1
[1.011s] -- Up-to-date: /home/jose/Documents/robotica/install/robotics_class/share/robotics_class/models/sofa_set_1/model.sdf
[1.011s] -- Up-to-date: /home/jose/Documents/robotica/install/robotics_class/share/robotics_class/models/sofa_set_1/meshes
[1.012s] -- Up-to-date: /home/jose/Documents/robotica/install/robotics_class/share/robotics_class/models/sofa_set_1/meshes/sofa_cushions_bot.dae
[1.012s] -- Up-to-date: /home/jose/Documents/robotica/install/robotics_class/share/robotics_class/models/sofa_set_1/meshes/model.dae
[1.012s] -- Up-to-date: /home/jose/Documents/robotica/install/robotics_class/share/robotics_class/models/sofa_set_1/meshes/sofa_cushions.dae
[1.012s] -- Up-to-date: /home/jose/Documents/robotica/install/robotics_class/share/robotics_class/models/sofa_set_1/meshes/sofa_full.dae
[1.012s] -- Up-to-date: /home/jose/Documents/robotica/install/robotics_class/share/robotics_class/models/sofa_set_1/meshes/sofa_frame.dae
[1.012s] -- Up-to-date: /home/jose/Documents/robotica/install/robotics_class/share/robotics_class/models/sofa_set_1/meshes/sofa_cushions_back.dae
[1.012s] -- Up-to-date: /home/jose/Documents/robotica/install/robotics_class/share/robotics_class/models/sofa_set_1/meshes/sofa_cushions_sides.dae
[1.012s] -- Up-to-date: /home/jose/Documents/robotica/install/robotics_class/share/robotics_class/models/sofa_set_1/model.config
[1.012s] -- Up-to-date: /home/jose/Documents/robotica/install/robotics_class/share/robotics_class/models/sofa_set_1/materials
[1.012s] -- Up-to-date: /home/jose/Documents/robotica/install/robotics_class/share/robotics_class/models/sofa_set_1/materials/textures
[1.012s] -- Up-to-date: /home/jose/Documents/robotica/install/robotics_class/share/robotics_class/models/sofa_set_1/materials/textures/fabric_black.jpg
[1.012s] -- Up-to-date: /home/jose/Documents/robotica/install/robotics_class/share/robotics_class/models/sofa_set_1/materials/scripts
[1.013s] -- Up-to-date: /home/jose/Documents/robotica/install/robotics_class/share/robotics_class/models/sofa_set_1/materials/scripts/sofa_set_1.material
[1.013s] -- Up-to-date: /home/jose/Documents/robotica/install/robotics_class/share/robotics_class/models/table_breakfast
[1.013s] -- Up-to-date: /home/jose/Documents/robotica/install/robotics_class/share/robotics_class/models/table_breakfast/model.sdf
[1.013s] -- Up-to-date: /home/jose/Documents/robotica/install/robotics_class/share/robotics_class/models/table_breakfast/meshes
[1.013s] -- Up-to-date: /home/jose/Documents/robotica/install/robotics_class/share/robotics_class/models/table_breakfast/meshes/table3.dae
[1.013s] -- Up-to-date: /home/jose/Documents/robotica/install/robotics_class/share/robotics_class/models/table_breakfast/model.config
[1.013s] -- Up-to-date: /home/jose/Documents/robotica/install/robotics_class/share/robotics_class/models/jetauto
[1.013s] -- Up-to-date: /home/jose/Documents/robotica/install/robotics_class/share/robotics_class/models/jetauto/screen_link_collision.stl
[1.013s] -- Up-to-date: /home/jose/Documents/robotica/install/robotics_class/share/robotics_class/models/jetauto/wheel_left_back_link.stl
[1.013s] -- Up-to-date: /home/jose/Documents/robotica/install/robotics_class/share/robotics_class/models/jetauto/base_link.stl
[1.013s] -- Up-to-date: /home/jose/Documents/robotica/install/robotics_class/share/robotics_class/models/jetauto/back_shell_link.stl
[1.013s] -- Up-to-date: /home/jose/Documents/robotica/install/robotics_class/share/robotics_class/models/jetauto/base_link_collision.stl
[1.013s] -- Up-to-date: /home/jose/Documents/robotica/install/robotics_class/share/robotics_class/models/jetauto/wheel_left_front_link.stl
[1.014s] -- Up-to-date: /home/jose/Documents/robotica/install/robotics_class/share/robotics_class/models/jetauto/depth_camera_link.stl
[1.014s] -- Up-to-date: /home/jose/Documents/robotica/install/robotics_class/share/robotics_class/models/jetauto/wheel_right_front_link.stl
[1.014s] -- Up-to-date: /home/jose/Documents/robotica/install/robotics_class/share/robotics_class/models/jetauto/wheel_right_back_link.stl
[1.014s] -- Up-to-date: /home/jose/Documents/robotica/install/robotics_class/share/robotics_class/models/jetauto/mic_link.stl
[1.014s] -- Up-to-date: /home/jose/Documents/robotica/install/robotics_class/share/robotics_class/models/jetauto/depth_camera_link_collision.stl
[1.014s] -- Up-to-date: /home/jose/Documents/robotica/install/robotics_class/share/robotics_class/models/jetauto/lidar_link.stl
[1.014s] -- Up-to-date: /home/jose/Documents/robotica/install/robotics_class/share/robotics_class/models/jetauto/screen_link.stl
[1.014s] -- Up-to-date: /home/jose/Documents/robotica/install/robotics_class/share/robotics_class/models/jetauto/speaker_link.stl
[1.014s] -- Up-to-date: /home/jose/Documents/robotica/install/robotics_class/share/robotics_class/models/person
[1.014s] -- Up-to-date: /home/jose/Documents/robotica/install/robotics_class/share/robotics_class/models/person/model.sdf
[1.014s] -- Up-to-date: /home/jose/Documents/robotica/install/robotics_class/share/robotics_class/models/person/walk.dae
[1.014s] -- Up-to-date: /home/jose/Documents/robotica/install/robotics_class/share/robotics_class/models/person/model.config
[1.014s] -- Up-to-date: /home/jose/Documents/robotica/install/robotics_class/share/robotics_class/models/kitchen_chair
[1.015s] -- Up-to-date: /home/jose/Documents/robotica/install/robotics_class/share/robotics_class/models/kitchen_chair/model.sdf
[1.015s] -- Up-to-date: /home/jose/Documents/robotica/install/robotics_class/share/robotics_class/models/kitchen_chair/meshes
[1.015s] -- Up-to-date: /home/jose/Documents/robotica/install/robotics_class/share/robotics_class/models/kitchen_chair/meshes/base.dae
[1.015s] -- Up-to-date: /home/jose/Documents/robotica/install/robotics_class/share/robotics_class/models/kitchen_chair/meshes/seat.dae
[1.015s] -- Up-to-date: /home/jose/Documents/robotica/install/robotics_class/share/robotics_class/models/kitchen_chair/model.config
[1.015s] -- Up-to-date: /home/jose/Documents/robotica/install/robotics_class/share/robotics_class/models/file_cabinet_small
[1.015s] -- Up-to-date: /home/jose/Documents/robotica/install/robotics_class/share/robotics_class/models/file_cabinet_small/model.sdf
[1.015s] -- Up-to-date: /home/jose/Documents/robotica/install/robotics_class/share/robotics_class/models/file_cabinet_small/meshes
[1.015s] -- Up-to-date: /home/jose/Documents/robotica/install/robotics_class/share/robotics_class/models/file_cabinet_small/meshes/model.dae
[1.015s] -- Up-to-date: /home/jose/Documents/robotica/install/robotics_class/share/robotics_class/models/file_cabinet_small/model.config
[1.015s] -- Up-to-date: /home/jose/Documents/robotica/install/robotics_class/share/robotics_class/models/file_cabinet_small/materials
[1.015s] -- Up-to-date: /home/jose/Documents/robotica/install/robotics_class/share/robotics_class/models/file_cabinet_small/materials/textures
[1.016s] -- Up-to-date: /home/jose/Documents/robotica/install/robotics_class/share/robotics_class/models/file_cabinet_small/materials/textures/metal_black_2.jpg
[1.016s] -- Up-to-date: /home/jose/Documents/robotica/install/robotics_class/share/robotics_class/models/file_cabinet_small/materials/scripts
[1.016s] -- Up-to-date: /home/jose/Documents/robotica/install/robotics_class/share/robotics_class/models/file_cabinet_small/materials/scripts/file_black.material
[1.016s] -- Up-to-date: /home/jose/Documents/robotica/install/robotics_class/share/robotics_class/models/sink
[1.016s] -- Up-to-date: /home/jose/Documents/robotica/install/robotics_class/share/robotics_class/models/sink/model.sdf
[1.016s] -- Up-to-date: /home/jose/Documents/robotica/install/robotics_class/share/robotics_class/models/sink/model.config
[1.016s] -- Up-to-date: /home/jose/Documents/robotica/install/robotics_class/share/robotics_class/models/sink/sink.stl
[1.016s] -- Up-to-date: /home/jose/Documents/robotica/install/robotics_class/share/robotics_class/models/plant_1_single
[1.016s] -- Up-to-date: /home/jose/Documents/robotica/install/robotics_class/share/robotics_class/models/plant_1_single/model.sdf
[1.016s] -- Up-to-date: /home/jose/Documents/robotica/install/robotics_class/share/robotics_class/models/plant_1_single/meshes
[1.016s] -- Up-to-date: /home/jose/Documents/robotica/install/robotics_class/share/robotics_class/models/plant_1_single/meshes/leaf.dae
[1.016s] -- Up-to-date: /home/jose/Documents/robotica/install/robotics_class/share/robotics_class/models/plant_1_single/model.config
[1.017s] -- Up-to-date: /home/jose/Documents/robotica/install/robotics_class/share/robotics_class/models/refrigerator
[1.017s] -- Up-to-date: /home/jose/Documents/robotica/install/robotics_class/share/robotics_class/models/refrigerator/model.sdf
[1.017s] -- Up-to-date: /home/jose/Documents/robotica/install/robotics_class/share/robotics_class/models/refrigerator/refrigerator.stl
[1.017s] -- Up-to-date: /home/jose/Documents/robotica/install/robotics_class/share/robotics_class/models/refrigerator/model.config
[1.017s] -- Up-to-date: /home/jose/Documents/robotica/install/robotics_class/share/robotics_class/models/coffee_table_set_1
[1.017s] -- Up-to-date: /home/jose/Documents/robotica/install/robotics_class/share/robotics_class/models/coffee_table_set_1/model.sdf
[1.017s] -- Up-to-date: /home/jose/Documents/robotica/install/robotics_class/share/robotics_class/models/coffee_table_set_1/meshes
[1.017s] -- Up-to-date: /home/jose/Documents/robotica/install/robotics_class/share/robotics_class/models/coffee_table_set_1/meshes/table_large_mid.dae
[1.017s] -- Up-to-date: /home/jose/Documents/robotica/install/robotics_class/share/robotics_class/models/coffee_table_set_1/meshes/model.dae
[1.017s] -- Up-to-date: /home/jose/Documents/robotica/install/robotics_class/share/robotics_class/models/coffee_table_set_1/meshes/tables.dae
[1.017s] -- Up-to-date: /home/jose/Documents/robotica/install/robotics_class/share/robotics_class/models/coffee_table_set_1/meshes/table_large_full.dae
[1.017s] -- Up-to-date: /home/jose/Documents/robotica/install/robotics_class/share/robotics_class/models/coffee_table_set_1/meshes/table_large_frame.dae
[1.017s] -- Up-to-date: /home/jose/Documents/robotica/install/robotics_class/share/robotics_class/models/coffee_table_set_1/meshes/table_large_top.dae
[1.017s] -- Up-to-date: /home/jose/Documents/robotica/install/robotics_class/share/robotics_class/models/coffee_table_set_1/model.config
[1.017s] -- Up-to-date: /home/jose/Documents/robotica/install/robotics_class/share/robotics_class/models/coffee_table_set_1/materials
[1.017s] -- Up-to-date: /home/jose/Documents/robotica/install/robotics_class/share/robotics_class/models/coffee_table_set_1/materials/textures
[1.018s] -- Up-to-date: /home/jose/Documents/robotica/install/robotics_class/share/robotics_class/models/coffee_table_set_1/materials/textures/wood_dark_1.jpg
[1.018s] -- Up-to-date: /home/jose/Documents/robotica/install/robotics_class/share/robotics_class/models/coffee_table_set_1/materials/textures/leather.jpg
[1.018s] -- Up-to-date: /home/jose/Documents/robotica/install/robotics_class/share/robotics_class/models/coffee_table_set_1/materials/scripts
[1.018s] -- Up-to-date: /home/jose/Documents/robotica/install/robotics_class/share/robotics_class/models/coffee_table_set_1/materials/scripts/coffee_table_set_1_surf.material
[1.018s] -- Up-to-date: /home/jose/Documents/robotica/install/robotics_class/share/robotics_class/models/coffee_table_set_1/materials/scripts/coffee_table_set_1_frame.material
[1.018s] -- Up-to-date: /home/jose/Documents/robotica/install/robotics_class/share/robotics_class/rviz
[1.018s] -- Up-to-date: /home/jose/Documents/robotica/install/robotics_class/share/robotics_class/rviz/view.rviz
[1.018s] -- Up-to-date: /home/jose/Documents/robotica/install/robotics_class/share/robotics_class/worlds
[1.018s] -- Up-to-date: /home/jose/Documents/robotica/install/robotics_class/share/robotics_class/worlds/arena_1.world
[1.018s] -- Up-to-date: /home/jose/Documents/robotica/install/robotics_class/share/robotics_class/params
[1.018s] -- Up-to-date: /home/jose/Documents/robotica/install/robotics_class/share/robotics_class/params/default.yaml
[1.018s] -- Up-to-date: /home/jose/Documents/robotica/install/robotics_class/share/robotics_class/params/ekf.yaml
[1.018s] -- Up-to-date: /home/jose/Documents/robotica/install/robotics_class/share/robotics_class/maps
[1.018s] -- Up-to-date: /home/jose/Documents/robotica/install/robotics_class/share/robotics_class/maps/details.txt
[1.018s] -- Up-to-date: /home/jose/Documents/robotica/install/robotics_class/share/robotics_class/maps/class_map.yaml
[1.018s] -- Up-to-date: /home/jose/Documents/robotica/install/robotics_class/share/robotics_class/maps/class_map.pgm
[1.018s] -- Up-to-date: /home/jose/Documents/robotica/install/robotics_class/share/ament_index/resource_index/package_run_dependencies/robotics_class
[1.018s] -- Up-to-date: /home/jose/Documents/robotica/install/robotics_class/share/ament_index/resource_index/parent_prefix_path/robotics_class
[1.018s] -- Up-to-date: /home/jose/Documents/robotica/install/robotics_class/share/robotics_class/environment/ament_prefix_path.sh
[1.018s] -- Up-to-date: /home/jose/Documents/robotica/install/robotics_class/share/robotics_class/environment/ament_prefix_path.dsv
[1.019s] -- Up-to-date: /home/jose/Documents/robotica/install/robotics_class/share/robotics_class/environment/path.sh
[1.019s] -- Up-to-date: /home/jose/Documents/robotica/install/robotics_class/share/robotics_class/environment/path.dsv
[1.019s] -- Up-to-date: /home/jose/Documents/robotica/install/robotics_class/share/robotics_class/local_setup.bash
[1.019s] -- Up-to-date: /home/jose/Documents/robotica/install/robotics_class/share/robotics_class/local_setup.sh
[1.019s] -- Up-to-date: /home/jose/Documents/robotica/install/robotics_class/share/robotics_class/local_setup.zsh
[1.019s] -- Up-to-date: /home/jose/Documents/robotica/install/robotics_class/share/robotics_class/local_setup.dsv
[1.019s] -- Installing: /home/jose/Documents/robotica/install/robotics_class/share/robotics_class/package.dsv
[1.019s] -- Up-to-date: /home/jose/Documents/robotica/install/robotics_class/share/ament_index/resource_index/packages/robotics_class
[1.019s] -- Up-to-date: /home/jose/Documents/robotica/install/robotics_class/share/robotics_class/cmake/robotics_classConfig.cmake
[1.019s] -- Up-to-date: /home/jose/Documents/robotica/install/robotics_class/share/robotics_class/cmake/robotics_classConfig-version.cmake
[1.019s] -- Up-to-date: /home/jose/Documents/robotica/install/robotics_class/share/robotics_class/package.xml
[1.020s] Invoked command in '/home/jose/Documents/robotica/build/robotics_class' returned '0': CMAKE_PREFIX_PATH=${CMAKE_PREFIX_PATH}:/opt/ros/humble /usr/bin/cmake --install /home/jose/Documents/robotica/build/robotics_class
